     1                                  
     2                                  	;
     3                                  	; Show the available charset
     4                                  	;
     5                                  	; by Oscar Toledo G. http://nanochess.org/
     6                                  	;
     7                                  	; Creation date: Jun/27/2017.
     8                                  	;
     9                                  	org 0x7c00
    10                                  	cpu 8086
    11                                  
    12 00000000 B80200                  	mov ax, 0x0002
    13 00000003 CD10                    	int 0x10
    14 00000005 B800B8                  	mov ax, 0xb800
    15 00000008 8ED8                    	mov ds, ax
    16 0000000A 8EC0                    	mov es, ax
    17                                  
    18 0000000C 31FF                    	xor di, di
    19 0000000E B9D007                  	mov cx, 0x07d0
    20 00000011 B020                    	mov al, " "
    21 00000013 B40F                    	mov ah, 0b00001111
    22 00000015 F3AB                    	rep stosw
    23                                  
    24 00000017 BFA400                  	mov di, 0x00a4
    25 0000001A B000                    	mov al, 0x00
    26                                  
    27 0000001C 57                      a1:	push di
    28 0000001D 50                      	push ax
    29 0000001E B104                    	mov cl, 4
    30 00000020 D2E8                    	shr al, cl
    31 00000022 0430                    	add al, 0x30
    32 00000024 3C3A                    	cmp al, 0x3a
    33 00000026 7202                    	jb a3
    34 00000028 0407                    	add al, 0x07
    35 0000002A AA                      a3:	stosb
    36 0000002B 47                      	inc di
    37                                  
    38 0000002C 58                      	pop ax
    39 0000002D 50                      	push ax	
    40 0000002E 240F                    	and al, 0x0f
    41 00000030 0430                    	add al, 0x30
    42 00000032 3C3A                    	cmp al, 0x3a
    43 00000034 7202                    	jb a4
    44 00000036 0407                    	add al, 0x07
    45 00000038 AA                      a4:	stosb
    46 00000039 47                      	inc di
    47 0000003A B02D                    	mov al, 0x2d
    48 0000003C AA                      	stosb
    49 0000003D 47                      	inc di
    50                                  
    51 0000003E 47                      	inc di
    52 0000003F 47                      	inc di
    53 00000040 58                      	pop ax
    54 00000041 AA                      	stosb
    55 00000042 5F                      	pop di
    56 00000043 FEC0                    	inc al
    57 00000045 7410                    	jz a2
    58                                  
    59 00000047 81C7A000                	add di, 0x00a0
    60 0000004B 81FFA00F                	cmp di, 0x0fa0
    61 0000004F 72CB                    	jb a1
    62 00000051 81EFF20E                	sub di, 0x0f00 - 14
    63                                  
    64 00000055 EBC5                    	jmp a1
    65                                  
    66 00000057 31C0                    a2:	xor ax, ax
    67 00000059 CD16                    	int 0x16
    68 0000005B B80200                  	mov ax, 0x0002
    69 0000005E CD10                    	int 0x10
    70 00000060 CD20                            int 0x20
